<?xml version="1.0" encoding="utf-8"?><testsuites name="pytest tests"><testsuite name="pytest" errors="0" failures="0" skipped="0" tests="123" time="16.204" timestamp="2026-03-25T12:35:51.383269-06:00" hostname="HPANDREA"><testcase classname="tests.routes.test_auth.TestRegister" name="test_register_success" time="0.219" /><testcase classname="tests.routes.test_auth.TestRegister" name="test_register_invalid_email_domain" time="0.022" /><testcase classname="tests.routes.test_auth.TestRegister" name="test_register_missing_email" time="0.022" /><testcase classname="tests.routes.test_auth.TestRegister" name="test_register_duplicate_email" time="0.159" /><testcase classname="tests.routes.test_auth.TestRegister" name="test_register_user_exists_in_db" time="0.164" /><testcase classname="tests.routes.test_auth.TestRegister" name="test_register_password_hashed" time="0.148" /><testcase classname="tests.routes.test_auth.TestLogin" name="test_login_success" time="0.281" /><testcase classname="tests.routes.test_auth.TestLogin" name="test_login_invalid_email" time="0.022" /><testcase classname="tests.routes.test_auth.TestLogin" name="test_login_invalid_password" time="0.283" /><testcase classname="tests.routes.test_auth.TestLogin" name="test_login_missing_email" time="0.023" /><testcase classname="tests.routes.test_auth.TestLogin" name="test_login_missing_password" time="0.168" /><testcase classname="tests.routes.test_auth.TestLogin" name="test_login_returns_user_info" time="0.328" /><testcase classname="tests.routes.test_auth.TestLogout" name="test_logout_success" time="0.021" /><testcase classname="tests.routes.test_auth.TestLogout" name="test_logout_no_auth_required" time="0.022" /><testcase classname="tests.routes.test_auth.TestAuthIntegration" name="test_full_auth_flow" time="0.290" /><testcase classname="tests.routes.test_auth.TestAuthIntegration" name="test_cannot_register_twice" time="0.179" /><testcase classname="tests.routes.test_auth.TestAuthIntegration" name="test_login_after_register" time="0.316" /><testcase classname="tests.routes.test_auth.TestAuthEdgeCases" name="test_register_with_empty_name" time="0.139" /><testcase classname="tests.routes.test_auth.TestAuthEdgeCases" name="test_register_with_special_characters_in_name" time="0.157" /><testcase classname="tests.routes.test_auth.TestAuthEdgeCases" name="test_email_case_sensitivity" time="0.275" /><testcase classname="tests.routes.test_auth.TestAuthEdgeCases" name="test_login_with_whitespace" time="0.152" /><testcase classname="tests.test_auth.TestRegister" name="test_register_success" time="0.159" /><testcase classname="tests.test_auth.TestRegister" name="test_register_invalid_email_domain" time="0.024" /><testcase classname="tests.test_auth.TestRegister" name="test_register_missing_email" time="0.021" /><testcase classname="tests.test_auth.TestRegister" name="test_register_duplicate_email" time="0.147" /><testcase classname="tests.test_auth.TestRegister" name="test_register_user_exists_in_db" time="0.154" /><testcase classname="tests.test_auth.TestRegister" name="test_register_password_hashed" time="0.163" /><testcase classname="tests.test_auth.TestLogin" name="test_login_success" time="0.268" /><testcase classname="tests.test_auth.TestLogin" name="test_login_invalid_email" time="0.024" /><testcase classname="tests.test_auth.TestLogin" name="test_login_invalid_password" time="0.285" /><testcase classname="tests.test_auth.TestLogin" name="test_login_missing_email" time="0.029" /><testcase classname="tests.test_auth.TestLogin" name="test_login_missing_password" time="0.156" /><testcase classname="tests.test_auth.TestLogin" name="test_login_returns_user_info" time="0.292" /><testcase classname="tests.test_auth.TestLogout" name="test_logout_success" time="0.029" /><testcase classname="tests.test_auth.TestLogout" name="test_logout_no_auth_required" time="0.029" /><testcase classname="tests.test_auth.TestAuthIntegration" name="test_full_auth_flow" time="0.271" /><testcase classname="tests.test_auth.TestAuthIntegration" name="test_cannot_register_twice" time="0.162" /><testcase classname="tests.test_auth.TestAuthIntegration" name="test_login_after_register" time="0.284" /><testcase classname="tests.test_auth.TestAuthEdgeCases" name="test_register_with_empty_name" time="0.180" /><testcase classname="tests.test_auth.TestAuthEdgeCases" name="test_register_with_special_characters_in_name" time="0.147" /><testcase classname="tests.test_auth.TestAuthEdgeCases" name="test_email_case_sensitivity" time="0.268" /><testcase classname="tests.test_auth.TestAuthEdgeCases" name="test_login_with_whitespace" time="0.161" /><testcase classname="tests.test_comments.TestGetComments" name="test_get_comments_success" time="0.156" /><testcase classname="tests.test_comments.TestGetComments" name="test_get_comments_place_not_found" time="0.021" /><testcase classname="tests.test_comments.TestGetComments" name="test_get_comments_empty" time="0.152" /><testcase classname="tests.test_comments.TestGetComments" name="test_get_multiple_comments" time="0.146" /><testcase classname="tests.test_comments.TestGetComments" name="test_get_comments_includes_user_name" time="0.151" /><testcase classname="tests.test_comments.TestGetComments" name="test_get_comments_fields_present" time="0.163" /><testcase classname="tests.test_comments.TestPostComment" name="test_post_comment_success" time="0.170" /><testcase classname="tests.test_comments.TestPostComment" name="test_post_comment_place_not_found" time="0.142" /><testcase classname="tests.test_comments.TestPostComment" name="test_post_comment_missing_text" time="0.162" /><testcase classname="tests.test_comments.TestPostComment" name="test_post_comment_with_default_rating" time="0.199" /><testcase classname="tests.test_comments.TestPostComment" name="test_post_comment_updates_place_rating" time="0.151" /><testcase classname="tests.test_comments.TestPostComment" name="test_post_comment_with_special_characters" time="0.170" /><testcase classname="tests.test_comments.TestPostComment" name="test_post_comment_returns_id" time="0.179" /><testcase classname="tests.test_comments.TestPutComment" name="test_put_comment_success" time="0.201" /><testcase classname="tests.test_comments.TestPutComment" name="test_put_comment_not_found" time="0.026" /><testcase classname="tests.test_comments.TestPutComment" name="test_put_comment_partial_update" time="0.162" /><testcase classname="tests.test_comments.TestPutComment" name="test_put_comment_only_rating" time="0.159" /><testcase classname="tests.test_comments.TestPutComment" name="test_put_comment_updates_place_rating" time="0.159" /><testcase classname="tests.test_comments.TestPutComment" name="test_put_comment_with_special_characters" time="0.170" /><testcase classname="tests.test_comments.TestPutComment" name="test_put_comment_empty_update" time="0.143" /><testcase classname="tests.test_comments.TestDeleteComment" name="test_delete_comment_success" time="0.157" /><testcase classname="tests.test_comments.TestDeleteComment" name="test_delete_comment_not_found" time="0.021" /><testcase classname="tests.test_comments.TestDeleteComment" name="test_delete_comment_updates_place_rating" time="0.173" /><testcase classname="tests.test_comments.TestDeleteComment" name="test_delete_multiple_comments" time="0.244" /><testcase classname="tests.test_comments.TestDeleteComment" name="test_delete_comment_response_message" time="0.244" /><testcase classname="tests.test_comments.TestCommentsIntegration" name="test_full_comment_lifecycle" time="0.249" /><testcase classname="tests.test_comments.TestCommentsIntegration" name="test_multiple_comments_handling" time="0.223" /><testcase classname="tests.test_comments.TestCommentsIntegration" name="test_comments_isolated_by_place" time="0.173" /><testcase classname="tests.test_comments.TestCommentsIntegration" name="test_comment_update_then_delete" time="0.154" /><testcase classname="tests.test_comments.TestCommentsEdgeCases" name="test_comment_with_very_long_text" time="0.158" /><testcase classname="tests.test_comments.TestCommentsEdgeCases" name="test_comment_with_zero_rating" time="0.162" /><testcase classname="tests.test_comments.TestCommentsEdgeCases" name="test_comment_with_high_rating" time="0.152" /><testcase classname="tests.test_comments.TestCommentsEdgeCases" name="test_comment_with_unicode_characters" time="0.158" /><testcase classname="tests.test_comments.TestCommentsEdgeCases" name="test_comment_id_uniqueness" time="0.170" /><testcase classname="tests.test_comments.TestCommentsEdgeCases" name="test_comment_whitespace_handling" time="0.155" /><testcase classname="tests.test_places.TestGetPlaces" name="test_get_places_success" time="0.154" /><testcase classname="tests.test_places.TestGetPlaces" name="test_get_places_empty" time="0.026" /><testcase classname="tests.test_places.TestGetPlaces" name="test_get_places_includes_all_fields" time="0.180" /><testcase classname="tests.test_places.TestGetPlaces" name="test_get_places_filter_by_category" time="0.130" /><testcase classname="tests.test_places.TestGetPlaces" name="test_get_places_filter_all" time="0.036" /><testcase classname="tests.test_places.TestGetPlaces" name="test_get_places_case_insensitive_filter" time="0.031" /><testcase classname="tests.test_places.TestGetPlaces" name="test_get_places_invalid_category" time="0.159" /><testcase classname="tests.test_places.TestGetPlaces" name="test_get_places_with_menu" time="0.036" /><testcase classname="tests.test_places.TestGetPlaces" name="test_get_places_multiple" time="0.035" /><testcase classname="tests.test_places.TestPostPlace" name="test_post_place_success" time="0.033" /><testcase classname="tests.test_places.TestPostPlace" name="test_post_place_with_menu" time="0.037" /><testcase classname="tests.test_places.TestPostPlace" name="test_post_place_default_schedule" time="0.053" /><testcase classname="tests.test_places.TestPostPlace" name="test_post_place_returns_id" time="0.033" /><testcase classname="tests.test_places.TestPostPlace" name="test_post_place_invalid_schedule_json" time="0.031" /><testcase classname="tests.test_places.TestPostPlace" name="test_post_place_special_characters" time="0.038" /><testcase classname="tests.test_places.TestGetPlaceById" name="test_get_place_by_id_success" time="0.154" /><testcase classname="tests.test_places.TestGetPlaceById" name="test_get_place_by_id_not_found" time="0.034" /><testcase classname="tests.test_places.TestGetPlaceById" name="test_get_place_includes_all_fields" time="0.161" /><testcase classname="tests.test_places.TestGetPlaceById" name="test_get_place_with_menu" time="0.033" /><testcase classname="tests.test_places.TestGetPlaceById" name="test_get_place_menu_structure" time="0.034" /><testcase classname="tests.test_places.TestPutPlace" name="test_put_place_success" time="0.152" /><testcase classname="tests.test_places.TestPutPlace" name="test_put_place_not_found" time="0.022" /><testcase classname="tests.test_places.TestPutPlace" name="test_put_place_partial_update" time="0.165" /><testcase classname="tests.test_places.TestPutPlace" name="test_put_place_update_schedule" time="0.153" /><testcase classname="tests.test_places.TestPutPlace" name="test_put_place_update_schedule_as_string" time="0.158" /><testcase classname="tests.test_places.TestPutPlace" name="test_put_place_update_menu" time="0.179" /><testcase classname="tests.test_places.TestPutPlace" name="test_put_place_replace_menu" time="0.032" /><testcase classname="tests.test_places.TestPutPlace" name="test_put_place_update_image_url" time="0.146" /><testcase classname="tests.test_places.TestDeletePlace" name="test_delete_place_success" time="0.146" /><testcase classname="tests.test_places.TestDeletePlace" name="test_delete_place_not_found" time="0.026" /><testcase classname="tests.test_places.TestDeletePlace" name="test_delete_place_cascades_menu_items" time="0.047" /><testcase classname="tests.test_places.TestDeletePlace" name="test_delete_place_response_message" time="0.157" /><testcase classname="tests.test_places.TestPlaceCounts" name="test_get_counts_empty" time="0.025" /><testcase classname="tests.test_places.TestPlaceCounts" name="test_get_counts_success" time="0.034" /><testcase classname="tests.test_places.TestPlaceCounts" name="test_get_counts_includes_all_categories" time="0.032" /><testcase classname="tests.test_places.TestPlaceCounts" name="test_get_counts_are_integers" time="0.030" /><testcase classname="tests.test_places.TestPlacesIntegration" name="test_full_place_lifecycle" time="0.104" /><testcase classname="tests.test_places.TestPlacesIntegration" name="test_multiple_places_filtering" time="0.048" /><testcase classname="tests.test_places.TestPlacesIntegration" name="test_place_with_complete_menu_workflow" time="0.055" /><testcase classname="tests.test_places.TestPlacesEdgeCases" name="test_place_with_very_long_name" time="0.033" /><testcase classname="tests.test_places.TestPlacesEdgeCases" name="test_place_with_unicode_name" time="0.049" /><testcase classname="tests.test_places.TestPlacesEdgeCases" name="test_place_id_uniqueness" time="0.056" /><testcase classname="tests.test_places.TestPlacesEdgeCases" name="test_place_with_empty_menu" time="0.038" /><testcase classname="tests.test_places.TestPlacesEdgeCases" name="test_menu_item_price_precision" time="0.034" /><testcase classname="tests.test_places.TestPlacesEdgeCases" name="test_schedule_with_complex_format" time="0.042" /><testcase classname="tests.test_places.TestPlacesEdgeCases" name="test_place_category_variations" time="0.061" /></testsuite></testsuites>