<?xml version="1.0" encoding="utf-8"?><testsuites name="pytest tests"><testsuite name="pytest" errors="0" failures="0" skipped="0" tests="77" time="11.751" timestamp="2026-03-24T16:28:17.609323-06:00" hostname="HPANDREA"><testcase classname="tests.routes.test_auth.TestRegister" name="test_register_success" time="0.193" /><testcase classname="tests.routes.test_auth.TestRegister" name="test_register_invalid_email_domain" time="0.023" /><testcase classname="tests.routes.test_auth.TestRegister" name="test_register_missing_email" time="0.018" /><testcase classname="tests.routes.test_auth.TestRegister" name="test_register_duplicate_email" time="0.170" /><testcase classname="tests.routes.test_auth.TestRegister" name="test_register_user_exists_in_db" time="0.148" /><testcase classname="tests.routes.test_auth.TestRegister" name="test_register_password_hashed" time="0.145" /><testcase classname="tests.routes.test_auth.TestLogin" name="test_login_success" time="0.260" /><testcase classname="tests.routes.test_auth.TestLogin" name="test_login_invalid_email" time="0.027" /><testcase classname="tests.routes.test_auth.TestLogin" name="test_login_invalid_password" time="0.253" /><testcase classname="tests.routes.test_auth.TestLogin" name="test_login_missing_email" time="0.019" /><testcase classname="tests.routes.test_auth.TestLogin" name="test_login_missing_password" time="0.139" /><testcase classname="tests.routes.test_auth.TestLogin" name="test_login_returns_user_info" time="0.249" /><testcase classname="tests.routes.test_auth.TestLogout" name="test_logout_success" time="0.022" /><testcase classname="tests.routes.test_auth.TestLogout" name="test_logout_no_auth_required" time="0.022" /><testcase classname="tests.routes.test_auth.TestAuthIntegration" name="test_full_auth_flow" time="0.272" /><testcase classname="tests.routes.test_auth.TestAuthIntegration" name="test_cannot_register_twice" time="0.149" /><testcase classname="tests.routes.test_auth.TestAuthIntegration" name="test_login_after_register" time="0.251" /><testcase classname="tests.routes.test_auth.TestAuthEdgeCases" name="test_register_with_empty_name" time="0.144" /><testcase classname="tests.routes.test_auth.TestAuthEdgeCases" name="test_register_with_special_characters_in_name" time="0.151" /><testcase classname="tests.routes.test_auth.TestAuthEdgeCases" name="test_email_case_sensitivity" time="0.253" /><testcase classname="tests.routes.test_auth.TestAuthEdgeCases" name="test_login_with_whitespace" time="0.153" /><testcase classname="tests.test_auth.TestRegister" name="test_register_success" time="0.145" /><testcase classname="tests.test_auth.TestRegister" name="test_register_invalid_email_domain" time="0.026" /><testcase classname="tests.test_auth.TestRegister" name="test_register_missing_email" time="0.021" /><testcase classname="tests.test_auth.TestRegister" name="test_register_duplicate_email" time="0.140" /><testcase classname="tests.test_auth.TestRegister" name="test_register_user_exists_in_db" time="0.135" /><testcase classname="tests.test_auth.TestRegister" name="test_register_password_hashed" time="0.150" /><testcase classname="tests.test_auth.TestLogin" name="test_login_success" time="0.251" /><testcase classname="tests.test_auth.TestLogin" name="test_login_invalid_email" time="0.023" /><testcase classname="tests.test_auth.TestLogin" name="test_login_invalid_password" time="0.280" /><testcase classname="tests.test_auth.TestLogin" name="test_login_missing_email" time="0.031" /><testcase classname="tests.test_auth.TestLogin" name="test_login_missing_password" time="0.183" /><testcase classname="tests.test_auth.TestLogin" name="test_login_returns_user_info" time="0.277" /><testcase classname="tests.test_auth.TestLogout" name="test_logout_success" time="0.022" /><testcase classname="tests.test_auth.TestLogout" name="test_logout_no_auth_required" time="0.020" /><testcase classname="tests.test_auth.TestAuthIntegration" name="test_full_auth_flow" time="0.270" /><testcase classname="tests.test_auth.TestAuthIntegration" name="test_cannot_register_twice" time="0.143" /><testcase classname="tests.test_auth.TestAuthIntegration" name="test_login_after_register" time="0.255" /><testcase classname="tests.test_auth.TestAuthEdgeCases" name="test_register_with_empty_name" time="0.142" /><testcase classname="tests.test_auth.TestAuthEdgeCases" name="test_register_with_special_characters_in_name" time="0.146" /><testcase classname="tests.test_auth.TestAuthEdgeCases" name="test_email_case_sensitivity" time="0.253" /><testcase classname="tests.test_auth.TestAuthEdgeCases" name="test_login_with_whitespace" time="0.142" /><testcase classname="tests.test_comments.TestGetComments" name="test_get_comments_success" time="0.149" /><testcase classname="tests.test_comments.TestGetComments" name="test_get_comments_place_not_found" time="0.020" /><testcase classname="tests.test_comments.TestGetComments" name="test_get_comments_empty" time="0.144" /><testcase classname="tests.test_comments.TestGetComments" name="test_get_multiple_comments" time="0.187" /><testcase classname="tests.test_comments.TestGetComments" name="test_get_comments_includes_user_name" time="0.149" /><testcase classname="tests.test_comments.TestGetComments" name="test_get_comments_fields_present" time="0.152" /><testcase classname="tests.test_comments.TestPostComment" name="test_post_comment_success" time="0.150" /><testcase classname="tests.test_comments.TestPostComment" name="test_post_comment_place_not_found" time="0.140" /><testcase classname="tests.test_comments.TestPostComment" name="test_post_comment_missing_text" time="0.139" /><testcase classname="tests.test_comments.TestPostComment" name="test_post_comment_with_default_rating" time="0.152" /><testcase classname="tests.test_comments.TestPostComment" name="test_post_comment_updates_place_rating" time="0.160" /><testcase classname="tests.test_comments.TestPostComment" name="test_post_comment_with_special_characters" time="0.146" /><testcase classname="tests.test_comments.TestPostComment" name="test_post_comment_returns_id" time="0.146" /><testcase classname="tests.test_comments.TestPutComment" name="test_put_comment_success" time="0.173" /><testcase classname="tests.test_comments.TestPutComment" name="test_put_comment_not_found" time="0.025" /><testcase classname="tests.test_comments.TestPutComment" name="test_put_comment_partial_update" time="0.152" /><testcase classname="tests.test_comments.TestPutComment" name="test_put_comment_only_rating" time="0.155" /><testcase classname="tests.test_comments.TestPutComment" name="test_put_comment_updates_place_rating" time="0.154" /><testcase classname="tests.test_comments.TestPutComment" name="test_put_comment_with_special_characters" time="0.151" /><testcase classname="tests.test_comments.TestPutComment" name="test_put_comment_empty_update" time="0.146" /><testcase classname="tests.test_comments.TestDeleteComment" name="test_delete_comment_success" time="0.155" /><testcase classname="tests.test_comments.TestDeleteComment" name="test_delete_comment_not_found" time="0.022" /><testcase classname="tests.test_comments.TestDeleteComment" name="test_delete_comment_updates_place_rating" time="0.145" /><testcase classname="tests.test_comments.TestDeleteComment" name="test_delete_multiple_comments" time="0.151" /><testcase classname="tests.test_comments.TestDeleteComment" name="test_delete_comment_response_message" time="0.149" /><testcase classname="tests.test_comments.TestCommentsIntegration" name="test_full_comment_lifecycle" time="0.195" /><testcase classname="tests.test_comments.TestCommentsIntegration" name="test_multiple_comments_handling" time="0.183" /><testcase classname="tests.test_comments.TestCommentsIntegration" name="test_comments_isolated_by_place" time="0.170" /><testcase classname="tests.test_comments.TestCommentsIntegration" name="test_comment_update_then_delete" time="0.154" /><testcase classname="tests.test_comments.TestCommentsEdgeCases" name="test_comment_with_very_long_text" time="0.152" /><testcase classname="tests.test_comments.TestCommentsEdgeCases" name="test_comment_with_zero_rating" time="0.156" /><testcase classname="tests.test_comments.TestCommentsEdgeCases" name="test_comment_with_high_rating" time="0.155" /><testcase classname="tests.test_comments.TestCommentsEdgeCases" name="test_comment_with_unicode_characters" time="0.206" /><testcase classname="tests.test_comments.TestCommentsEdgeCases" name="test_comment_id_uniqueness" time="0.162" /><testcase classname="tests.test_comments.TestCommentsEdgeCases" name="test_comment_whitespace_handling" time="0.152" /></testsuite></testsuites>